<?xml version="1.0" encoding="UTF-8"?>
<testng-results skipped="0" failed="0" ignored="0" total="2" passed="2">
  <reporter-output>
  </reporter-output>
  <suite name="Surefire suite" duration-ms="250922" started-at="2020-02-09T17:18:17Z" finished-at="2020-02-09T17:22:28Z">
    <groups>
    </groups>
    <test name="Surefire test" duration-ms="250922" started-at="2020-02-09T17:18:17Z" finished-at="2020-02-09T17:22:28Z">
      <class name="Test2.Test2">
        <test-method status="PASS" signature="mainTest()[pri:0, instance:Test2.Test2@2b5825fa]" name="mainTest" duration-ms="16609" started-at="2020-02-09T20:22:07Z" finished-at="2020-02-09T20:22:23Z">
          <reporter-output>
          </reporter-output>
        </test-method> <!-- mainTest -->
        <test-method status="PASS" signature="afterTest()[pri:0, instance:Test2.Test2@2b5825fa]" name="afterTest" is-config="true" duration-ms="1321" started-at="2020-02-09T20:22:27Z" finished-at="2020-02-09T20:22:28Z">
          <reporter-output>
          </reporter-output>
        </test-method> <!-- afterTest -->
      </class> <!-- Test2.Test2 -->
      <class name="Test1.Test1">
        <test-method status="PASS" signature="beforeTest()[pri:0, instance:Test1.Test1@57eda880]" name="beforeTest" is-config="true" duration-ms="107073" started-at="2020-02-09T20:18:17Z" finished-at="2020-02-09T20:20:04Z">
          <reporter-output>
          </reporter-output>
        </test-method> <!-- beforeTest -->
        <test-method status="PASS" signature="beforeTest()[pri:0, instance:Test2.Test2@2b5825fa]" name="beforeTest" is-config="true" duration-ms="63616" started-at="2020-02-09T20:20:04Z" finished-at="2020-02-09T20:21:08Z">
          <reporter-output>
          </reporter-output>
        </test-method> <!-- beforeTest -->
        <test-method status="PASS" signature="mainTest()[pri:0, instance:Test1.Test1@57eda880]" name="mainTest" duration-ms="49311" started-at="2020-02-09T20:21:08Z" finished-at="2020-02-09T20:21:57Z">
          <reporter-output>
          </reporter-output>
        </test-method> <!-- mainTest -->
        <test-method status="PASS" signature="afterTest()[pri:0, instance:Test1.Test1@57eda880]" name="afterTest" is-config="true" duration-ms="1617" started-at="2020-02-09T20:22:05Z" finished-at="2020-02-09T20:22:07Z">
          <reporter-output>
          </reporter-output>
        </test-method> <!-- afterTest -->
      </class> <!-- Test1.Test1 -->
    </test> <!-- Surefire test -->
  </suite> <!-- Surefire suite -->
</testng-results>
